<?xml version="1.0" encoding="UTF-8"?>
<!-- Generated by org.testng.reporters.JUnitReportReporter -->
<testsuite skipped="0" hostname="LAPTOP-TTQMS8U3" name="being_tester.being_smart.LoggerTest" tests="1" failures="0" timestamp="06 Apr 2019 06:12:35 GMT" time="0.016" errors="0">
  <testcase name="logTest" time="0.016" classname="being_tester.being_smart.LoggerTest"/>
</testsuite> <!-- being_tester.being_smart.LoggerTest -->
